<?xml version="1.0" encoding="UTF-8"?>
<coverage generated="1612966586248" clover="3.2.0">
  <project timestamp="1612966586248" name="All files">
    <metrics statements="53" coveredstatements="20" conditionals="23" coveredconditionals="7" methods="12" coveredmethods="2" elements="88" coveredelements="29" complexity="0" loc="53" ncloc="53" packages="1" files="2" classes="2"/>
    <file name="App.js" path="/Users/anuj.sachan/Desktop/poc/poc/App.js">
      <metrics statements="49" coveredstatements="16" conditionals="23" coveredconditionals="7" methods="11" coveredmethods="1"/>
      <line num="13" count="1" type="stmt"/>
      <line num="14" count="0" type="stmt"/>
      <line num="15" count="0" type="stmt"/>
      <line num="16" count="0" type="stmt"/>
      <line num="17" count="0" type="stmt"/>
      <line num="18" count="0" type="cond" truecount="0" falsecount="2"/>
      <line num="21" count="1" type="stmt"/>
      <line num="22" count="1" type="stmt"/>
      <line num="23" count="1" type="stmt"/>
      <line num="24" count="1" type="stmt"/>
      <line num="26" count="1" type="stmt"/>
      <line num="27" count="1" type="stmt"/>
      <line num="28" count="1" type="stmt"/>
      <line num="30" count="1" type="stmt"/>
      <line num="31" count="0" type="stmt"/>
      <line num="34" count="1" type="stmt"/>
      <line num="35" count="0" type="stmt"/>
      <line num="37" count="0" type="stmt"/>
      <line num="38" count="0" type="stmt"/>
      <line num="39" count="0" type="stmt"/>
      <line num="41" count="1" type="stmt"/>
      <line num="42" count="0" type="stmt"/>
      <line num="45" count="1" type="stmt"/>
      <line num="46" count="0" type="stmt"/>
      <line num="47" count="0" type="stmt"/>
      <line num="48" count="0" type="cond" truecount="0" falsecount="4"/>
      <line num="49" count="0" type="stmt"/>
      <line num="50" count="0" type="stmt"/>
      <line num="53" count="0" type="stmt"/>
      <line num="54" count="0" type="stmt"/>
      <line num="63" count="0" type="stmt"/>
      <line num="64" count="0" type="cond" truecount="0" falsecount="5"/>
      <line num="65" count="0" type="stmt"/>
      <line num="67" count="0" type="stmt"/>
      <line num="73" count="0" type="stmt"/>
      <line num="80" count="0" type="stmt"/>
      <line num="82" count="0" type="stmt"/>
      <line num="83" count="0" type="stmt"/>
      <line num="84" count="0" type="stmt"/>
      <line num="91" count="1" type="stmt"/>
      <line num="92" count="0" type="stmt"/>
      <line num="93" count="0" type="stmt"/>
      <line num="96" count="1" type="stmt"/>
      <line num="97" count="0" type="stmt"/>
      <line num="98" count="0" type="stmt"/>
      <line num="99" count="0" type="stmt"/>
      <line num="100" count="0" type="stmt"/>
      <line num="103" count="1" type="stmt"/>
      <line num="175" count="1" type="stmt"/>
    </file>
    <file name="Modal.js" path="/Users/anuj.sachan/Desktop/poc/poc/Modal.js">
      <metrics statements="4" coveredstatements="4" conditionals="0" coveredconditionals="0" methods="1" coveredmethods="1"/>
      <line num="6" count="1" type="stmt"/>
      <line num="8" count="1" type="stmt"/>
      <line num="21" count="3" type="stmt"/>
      <line num="44" count="1" type="stmt"/>
    </file>
  </project>
</coverage>
