{"/Users/anuj.sachan/Desktop/poc/poc/App.js": {"path":"/Users/anuj.sachan/Desktop/poc/poc/App.js","statementMap":{"0":{"start":{"line":13,"column":12},"end":{"line":19,"column":1}},"1":{"start":{"line":14,"column":2},"end":{"line":14,"column":60}},"2":{"start":{"line":15,"column":17},"end":{"line":15,"column":46}},"3":{"start":{"line":16,"column":16},"end":{"line":16,"column":34}},"4":{"start":{"line":17,"column":18},"end":{"line":17,"column":33}},"5":{"start":{"line":18,"column":2},"end":{"line":18,"column":45}},"6":{"start":{"line":21,"column":12},"end":{"line":173,"column":1}},"7":{"start":{"line":22,"column":41},"end":{"line":22,"column":56}},"8":{"start":{"line":23,"column":41},"end":{"line":23,"column":56}},"9":{"start":{"line":24,"column":33},"end":{"line":24,"column":48}},"10":{"start":{"line":26,"column":40},"end":{"line":26,"column":52}},"11":{"start":{"line":27,"column":32},"end":{"line":27,"column":44}},"12":{"start":{"line":28,"column":42},"end":{"line":28,"column":54}},"13":{"start":{"line":30,"column":22},"end":{"line":32,"column":3}},"14":{"start":{"line":31,"column":4},"end":{"line":31,"column":26}},"15":{"start":{"line":34,"column":17},"end":{"line":40,"column":3}},"16":{"start":{"line":35,"column":4},"end":{"line":35,"column":34}},"17":{"start":{"line":37,"column":4},"end":{"line":37,"column":23}},"18":{"start":{"line":38,"column":4},"end":{"line":38,"column":19}},"19":{"start":{"line":39,"column":4},"end":{"line":39,"column":24}},"20":{"start":{"line":41,"column":27},"end":{"line":43,"column":3}},"21":{"start":{"line":42,"column":4},"end":{"line":42,"column":34}},"22":{"start":{"line":45,"column":34},"end":{"line":89,"column":3}},"23":{"start":{"line":46,"column":18},"end":{"line":46,"column":30}},"24":{"start":{"line":47,"column":4},"end":{"line":47,"column":28}},"25":{"start":{"line":48,"column":4},"end":{"line":88,"column":5}},"26":{"start":{"line":49,"column":19},"end":{"line":49,"column":35}},"27":{"start":{"line":50,"column":20},"end":{"line":50,"column":37}},"28":{"start":{"line":53,"column":6},"end":{"line":53,"column":26}},"29":{"start":{"line":54,"column":22},"end":{"line":62,"column":7}},"30":{"start":{"line":63,"column":6},"end":{"line":63,"column":20}},"31":{"start":{"line":64,"column":6},"end":{"line":87,"column":7}},"32":{"start":{"line":65,"column":29},"end":{"line":71,"column":20}},"33":{"start":{"line":67,"column":12},"end":{"line":69,"column":14}},"34":{"start":{"line":73,"column":8},"end":{"line":86,"column":11}},"35":{"start":{"line":80,"column":10},"end":{"line":85,"column":13}},"36":{"start":{"line":82,"column":12},"end":{"line":82,"column":51}},"37":{"start":{"line":83,"column":12},"end":{"line":83,"column":43}},"38":{"start":{"line":84,"column":12},"end":{"line":84,"column":53}},"39":{"start":{"line":91,"column":20},"end":{"line":94,"column":3}},"40":{"start":{"line":92,"column":19},"end":{"line":92,"column":36}},"41":{"start":{"line":93,"column":4},"end":{"line":93,"column":30}},"42":{"start":{"line":96,"column":19},"end":{"line":101,"column":3}},"43":{"start":{"line":97,"column":4},"end":{"line":97,"column":25}},"44":{"start":{"line":98,"column":4},"end":{"line":98,"column":23}},"45":{"start":{"line":99,"column":4},"end":{"line":99,"column":19}},"46":{"start":{"line":100,"column":4},"end":{"line":100,"column":24}},"47":{"start":{"line":103,"column":2},"end":{"line":172,"column":4}},"48":{"start":{"line":175,"column":15},"end":{"line":193,"column":2}}},"fnMap":{"0":{"name":"(anonymous_0)","decl":{"start":{"line":13,"column":12},"end":{"line":13,"column":13}},"loc":{"start":{"line":13,"column":27},"end":{"line":19,"column":1}},"line":13},"1":{"name":"(anonymous_1)","decl":{"start":{"line":21,"column":12},"end":{"line":21,"column":13}},"loc":{"start":{"line":21,"column":18},"end":{"line":173,"column":1}},"line":21},"2":{"name":"(anonymous_2)","decl":{"start":{"line":30,"column":22},"end":{"line":30,"column":23}},"loc":{"start":{"line":30,"column":28},"end":{"line":32,"column":3}},"line":30},"3":{"name":"(anonymous_3)","decl":{"start":{"line":34,"column":17},"end":{"line":34,"column":18}},"loc":{"start":{"line":34,"column":23},"end":{"line":40,"column":3}},"line":34},"4":{"name":"(anonymous_4)","decl":{"start":{"line":41,"column":27},"end":{"line":41,"column":28}},"loc":{"start":{"line":41,"column":33},"end":{"line":43,"column":3}},"line":41},"5":{"name":"(anonymous_5)","decl":{"start":{"line":45,"column":34},"end":{"line":45,"column":35}},"loc":{"start":{"line":45,"column":73},"end":{"line":89,"column":3}},"line":45},"6":{"name":"(anonymous_6)","decl":{"start":{"line":66,"column":15},"end":{"line":66,"column":16}},"loc":{"start":{"line":66,"column":24},"end":{"line":70,"column":11}},"line":66},"7":{"name":"(anonymous_7)","decl":{"start":{"line":79,"column":16},"end":{"line":79,"column":17}},"loc":{"start":{"line":79,"column":30},"end":{"line":86,"column":9}},"line":79},"8":{"name":"(anonymous_8)","decl":{"start":{"line":80,"column":31},"end":{"line":80,"column":32}},"loc":{"start":{"line":80,"column":46},"end":{"line":85,"column":11}},"line":80},"9":{"name":"(anonymous_9)","decl":{"start":{"line":91,"column":20},"end":{"line":91,"column":21}},"loc":{"start":{"line":91,"column":47},"end":{"line":94,"column":3}},"line":91},"10":{"name":"(anonymous_10)","decl":{"start":{"line":96,"column":19},"end":{"line":96,"column":20}},"loc":{"start":{"line":96,"column":46},"end":{"line":101,"column":3}},"line":96}},"branchMap":{"0":{"loc":{"start":{"line":18,"column":9},"end":{"line":18,"column":44}},"type":"cond-expr","locations":[{"start":{"line":18,"column":27},"end":{"line":18,"column":31}},{"start":{"line":18,"column":34},"end":{"line":18,"column":44}}],"line":18},"1":{"loc":{"start":{"line":48,"column":4},"end":{"line":88,"column":5}},"type":"if","locations":[{"start":{"line":48,"column":4},"end":{"line":88,"column":5}},{"start":{"line":48,"column":4},"end":{"line":88,"column":5}}],"line":48},"2":{"loc":{"start":{"line":48,"column":8},"end":{"line":48,"column":49}},"type":"binary-expr","locations":[{"start":{"line":48,"column":8},"end":{"line":48,"column":27}},{"start":{"line":48,"column":31},"end":{"line":48,"column":49}}],"line":48},"3":{"loc":{"start":{"line":64,"column":6},"end":{"line":87,"column":7}},"type":"if","locations":[{"start":{"line":64,"column":6},"end":{"line":87,"column":7}},{"start":{"line":64,"column":6},"end":{"line":87,"column":7}}],"line":64},"4":{"loc":{"start":{"line":64,"column":10},"end":{"line":64,"column":51}},"type":"binary-expr","locations":[{"start":{"line":64,"column":10},"end":{"line":64,"column":22}},{"start":{"line":64,"column":26},"end":{"line":64,"column":34}},{"start":{"line":64,"column":38},"end":{"line":64,"column":51}}],"line":64},"5":{"loc":{"start":{"line":109,"column":11},"end":{"line":111,"column":11}},"type":"binary-expr","locations":[{"start":{"line":109,"column":11},"end":{"line":109,"column":23}},{"start":{"line":109,"column":27},"end":{"line":109,"column":35}},{"start":{"line":110,"column":12},"end":{"line":110,"column":58}}],"line":109},"6":{"loc":{"start":{"line":113,"column":11},"end":{"line":118,"column":11}},"type":"binary-expr","locations":[{"start":{"line":113,"column":11},"end":{"line":113,"column":24}},{"start":{"line":113,"column":28},"end":{"line":113,"column":37}},{"start":{"line":114,"column":12},"end":{"line":117,"column":15}}],"line":113},"7":{"loc":{"start":{"line":120,"column":11},"end":{"line":127,"column":11}},"type":"binary-expr","locations":[{"start":{"line":120,"column":11},"end":{"line":120,"column":24}},{"start":{"line":121,"column":12},"end":{"line":126,"column":15}}],"line":120},"8":{"loc":{"start":{"line":128,"column":11},"end":{"line":135,"column":11}},"type":"binary-expr","locations":[{"start":{"line":128,"column":11},"end":{"line":128,"column":20}},{"start":{"line":129,"column":12},"end":{"line":134,"column":15}}],"line":128},"9":{"loc":{"start":{"line":136,"column":11},"end":{"line":143,"column":11}},"type":"binary-expr","locations":[{"start":{"line":136,"column":11},"end":{"line":136,"column":25}},{"start":{"line":137,"column":12},"end":{"line":142,"column":15}}],"line":136}},"s":{"0":1,"1":0,"2":0,"3":0,"4":0,"5":0,"6":1,"7":1,"8":1,"9":1,"10":1,"11":1,"12":1,"13":1,"14":0,"15":1,"16":0,"17":0,"18":0,"19":0,"20":1,"21":0,"22":1,"23":0,"24":0,"25":0,"26":0,"27":0,"28":0,"29":0,"30":0,"31":0,"32":0,"33":0,"34":0,"35":0,"36":0,"37":0,"38":0,"39":1,"40":0,"41":0,"42":1,"43":0,"44":0,"45":0,"46":0,"47":1,"48":1},"f":{"0":0,"1":1,"2":0,"3":0,"4":0,"5":0,"6":0,"7":0,"8":0,"9":0,"10":0},"b":{"0":[0,0],"1":[0,0],"2":[0,0],"3":[0,0],"4":[0,0,0],"5":[1,1,1],"6":[1,0,0],"7":[1,0],"8":[1,0],"9":[1,0]},"_coverageSchema":"1a1c01bbd47fc00a2c39e90264f33305004495a9","hash":"98c364406866b17547d0eaf925d61cc644738e98"}
,"/Users/anuj.sachan/Desktop/poc/poc/Modal.js": {"path":"/Users/anuj.sachan/Desktop/poc/poc/Modal.js","statementMap":{"0":{"start":{"line":6,"column":17},"end":{"line":6,"column":28}},"1":{"start":{"line":8,"column":24},"end":{"line":11,"column":58}},"2":{"start":{"line":21,"column":2},"end":{"line":41,"column":4}},"3":{"start":{"line":44,"column":15},"end":{"line":48,"column":2}}},"fnMap":{"0":{"name":"ModalBrowser","decl":{"start":{"line":13,"column":24},"end":{"line":13,"column":36}},"loc":{"start":{"line":20,"column":3},"end":{"line":42,"column":1}},"line":20}},"branchMap":{},"s":{"0":1,"1":1,"2":3,"3":1},"f":{"0":3},"b":{},"_coverageSchema":"1a1c01bbd47fc00a2c39e90264f33305004495a9","hash":"d13d4fc114c69c02aa05042e4749845a077ce74c"}
}
