TN:
SF:App.js
FN:13,(anonymous_0)
FN:21,(anonymous_1)
FN:30,(anonymous_2)
FN:34,(anonymous_3)
FN:41,(anonymous_4)
FN:45,(anonymous_5)
FN:66,(anonymous_6)
FN:79,(anonymous_7)
FN:80,(anonymous_8)
FN:91,(anonymous_9)
FN:96,(anonymous_10)
FNF:11
FNH:1
FNDA:0,(anonymous_0)
FNDA:1,(anonymous_1)
FNDA:0,(anonymous_2)
FNDA:0,(anonymous_3)
FNDA:0,(anonymous_4)
FNDA:0,(anonymous_5)
FNDA:0,(anonymous_6)
FNDA:0,(anonymous_7)
FNDA:0,(anonymous_8)
FNDA:0,(anonymous_9)
FNDA:0,(anonymous_10)
DA:13,1
DA:14,0
DA:15,0
DA:16,0
DA:17,0
DA:18,0
DA:21,1
DA:22,1
DA:23,1
DA:24,1
DA:26,1
DA:27,1
DA:28,1
DA:30,1
DA:31,0
DA:34,1
DA:35,0
DA:37,0
DA:38,0
DA:39,0
DA:41,1
DA:42,0
DA:45,1
DA:46,0
DA:47,0
DA:48,0
DA:49,0
DA:50,0
DA:53,0
DA:54,0
DA:63,0
DA:64,0
DA:65,0
DA:67,0
DA:73,0
DA:80,0
DA:82,0
DA:83,0
DA:84,0
DA:91,1
DA:92,0
DA:93,0
DA:96,1
DA:97,0
DA:98,0
DA:99,0
DA:100,0
DA:103,1
DA:175,1
LF:49
LH:16
BRDA:18,0,0,0
BRDA:18,0,1,0
BRDA:48,1,0,0
BRDA:48,1,1,0
BRDA:48,2,0,0
BRDA:48,2,1,0
BRDA:64,3,0,0
BRDA:64,3,1,0
BRDA:64,4,0,0
BRDA:64,4,1,0
BRDA:64,4,2,0
BRDA:109,5,0,1
BRDA:109,5,1,1
BRDA:109,5,2,1
BRDA:113,6,0,1
BRDA:113,6,1,0
BRDA:113,6,2,0
BRDA:120,7,0,1
BRDA:120,7,1,0
BRDA:128,8,0,1
BRDA:128,8,1,0
BRDA:136,9,0,1
BRDA:136,9,1,0
BRF:23
BRH:7
end_of_record
TN:
SF:Modal.js
FN:13,ModalBrowser
FNF:1
FNH:1
FNDA:3,ModalBrowser
DA:6,1
DA:8,1
DA:21,3
DA:44,1
LF:4
LH:4
BRF:0
BRH:0
end_of_record
